<?xml version="1.0" encoding="UTF-8"?>
<testng-results ignored="0" total="1" passed="1" failed="0" skipped="0">
  <reporter-output>
  </reporter-output>
  <suite started-at="2023-09-27T18:53:00 IST" name="Default suite" finished-at="2023-09-27T18:53:06 IST" duration-ms="5355">
    <groups>
    </groups>
    <test started-at="2023-09-27T18:53:00 IST" name="Default test" finished-at="2023-09-27T18:53:06 IST" duration-ms="5355">
      <class name="testPackage.ActiTimeDeleteTestCase">
        <test-method is-config="true" signature="setUp()[pri:0, instance:testPackage.ActiTimeDeleteTestCase@2e385cce]" started-at="2023-09-27T18:53:00 IST" name="setUp" finished-at="2023-09-27T18:53:03 IST" duration-ms="2951" status="PASS">
          <reporter-output>
          </reporter-output>
        </test-method> <!-- setUp -->
        <test-method signature="deleteTestScript()[pri:0, instance:testPackage.ActiTimeDeleteTestCase@2e385cce]" started-at="2023-09-27T18:53:03 IST" name="deleteTestScript" finished-at="2023-09-27T18:53:05 IST" duration-ms="2103" status="PASS">
          <reporter-output>
          </reporter-output>
        </test-method> <!-- deleteTestScript -->
        <test-method is-config="true" signature="tearDown()[pri:0, instance:testPackage.ActiTimeDeleteTestCase@2e385cce]" started-at="2023-09-27T18:53:05 IST" name="tearDown" finished-at="2023-09-27T18:53:06 IST" duration-ms="259" status="PASS">
          <reporter-output>
          </reporter-output>
        </test-method> <!-- tearDown -->
      </class> <!-- testPackage.ActiTimeDeleteTestCase -->
    </test> <!-- Default test -->
  </suite> <!-- Default suite -->
</testng-results>
